<?xml version="1.0" encoding="UTF-8"?>
<!-- Generated by org.testng.reporters.JUnitXMLReporter -->
<testsuite ignored="0" hostname="ip-172-31-36-135" failures="0" tests="4" name="Test" time="37.448" errors="0" timestamp="2023-08-24T19:14:45 UTC">
  <testcase classname="seleniumadvanced_II.login" name="testBlankLogin" time="3.888"/>
  <testcase classname="seleniumadvanced_II.login" name="testInvalidLogin" time="4.943"/>
  <testcase classname="seleniumadvanced_II.login" name="testValidLogin" time="4.799"/>
  <testcase classname="seleniumadvanced_II.logout" name="testLogout" time="15.212"/>
</testsuite> <!-- Test -->
