<?xml version="1.0" encoding="UTF-8"?>
<testng-results ignored="0" total="2" passed="2" failed="0" skipped="0">
  <reporter-output>
  </reporter-output>
  <suite started-at="2023-08-24T23:49:19 IST" name="Default suite" finished-at="2023-08-24T23:51:30 IST" duration-ms="131013">
    <groups>
    </groups>
    <test started-at="2023-08-24T23:49:19 IST" name="Default test" finished-at="2023-08-24T23:51:30 IST" duration-ms="131013">
      <class name="selenium_advanced.custom_Report">
        <test-method is-config="true" signature="beforeSuite()[pri:0, instance:selenium_advanced.custom_Report@5fb759d6]" started-at="2023-08-24T23:49:18 IST" name="beforeSuite" finished-at="2023-08-24T23:49:19 IST" duration-ms="272" status="PASS">
          <reporter-output>
          </reporter-output>
        </test-method> <!-- beforeSuite -->
        <test-method is-config="true" signature="beforeTest()[pri:0, instance:selenium_advanced.custom_Report@5fb759d6]" started-at="2023-08-24T23:49:19 IST" name="beforeTest" finished-at="2023-08-24T23:49:19 IST" duration-ms="1" status="PASS">
          <reporter-output>
          </reporter-output>
        </test-method> <!-- beforeTest -->
        <test-method is-config="true" signature="beforeClass()[pri:0, instance:selenium_advanced.custom_Report@5fb759d6]" started-at="2023-08-24T23:49:19 IST" name="beforeClass" finished-at="2023-08-24T23:49:19 IST" duration-ms="0" status="PASS">
          <reporter-output>
          </reporter-output>
        </test-method> <!-- beforeClass -->
        <test-method is-config="true" signature="beforeMethod()[pri:0, instance:selenium_advanced.custom_Report@5fb759d6]" started-at="2023-08-24T23:49:19 IST" name="beforeMethod" finished-at="2023-08-24T23:49:22 IST" duration-ms="2324" status="PASS">
          <reporter-output>
          </reporter-output>
        </test-method> <!-- beforeMethod -->
        <test-method signature="main(java.lang.String,java.lang.String,java.lang.String,java.lang.String,java.lang.String,java.lang.String,java.lang.String,java.lang.String,java.lang.String,java.lang.String,java.lang.String)[pri:0, instance:selenium_advanced.custom_Report@5fb759d6]" started-at="2023-08-24T23:49:22 IST" name="main" data-provider="dp" finished-at="2023-08-24T23:50:24 IST" duration-ms="62671" status="PASS">
          <params>
            <param index="0">
              <value>
                <![CDATA[Adm]]>
              </value>
            </param>
            <param index="1">
              <value>
                <![CDATA[admin12]]>
              </value>
            </param>
            <param index="2">
              <value>
                <![CDATA[Admin]]>
              </value>
            </param>
            <param index="3">
              <value>
                <![CDATA[admin123]]>
              </value>
            </param>
            <param index="4">
              <value>
                <![CDATA[Mahendra]]>
              </value>
            </param>
            <param index="5">
              <value>
                <![CDATA[Singh]]>
              </value>
            </param>
            <param index="6">
              <value>
                <![CDATA[Dhoni]]>
              </value>
            </param>
            <param index="7">
              <value>
                <![CDATA[7]]>
              </value>
            </param>
            <param index="8">
              <value>
                <![CDATA[Thalamsd]]>
              </value>
            </param>
            <param index="9">
              <value>
                <![CDATA[Thala73]]>
              </value>
            </param>
            <param index="10">
              <value>
                <![CDATA[input1.png]]>
              </value>
            </param>
          </params>
          <reporter-output>
          </reporter-output>
        </test-method> <!-- main -->
        <test-method is-config="true" signature="afterMethod()[pri:0, instance:selenium_advanced.custom_Report@5fb759d6]" started-at="2023-08-24T23:50:24 IST" name="afterMethod" finished-at="2023-08-24T23:50:25 IST" duration-ms="639" status="PASS">
          <reporter-output>
          </reporter-output>
        </test-method> <!-- afterMethod -->
        <test-method is-config="true" signature="beforeMethod()[pri:0, instance:selenium_advanced.custom_Report@5fb759d6]" started-at="2023-08-24T23:50:25 IST" name="beforeMethod" finished-at="2023-08-24T23:50:26 IST" duration-ms="1219" status="PASS">
          <reporter-output>
          </reporter-output>
        </test-method> <!-- beforeMethod -->
        <test-method signature="main(java.lang.String,java.lang.String,java.lang.String,java.lang.String,java.lang.String,java.lang.String,java.lang.String,java.lang.String,java.lang.String,java.lang.String,java.lang.String)[pri:0, instance:selenium_advanced.custom_Report@5fb759d6]" started-at="2023-08-24T23:50:26 IST" name="main" data-provider="dp" finished-at="2023-08-24T23:51:29 IST" duration-ms="62927" status="PASS">
          <params>
            <param index="0">
              <value>
                <![CDATA[Admn]]>
              </value>
            </param>
            <param index="1">
              <value>
                <![CDATA[admn123]]>
              </value>
            </param>
            <param index="2">
              <value>
                <![CDATA[Admin]]>
              </value>
            </param>
            <param index="3">
              <value>
                <![CDATA[admin123]]>
              </value>
            </param>
            <param index="4">
              <value>
                <![CDATA[Suresh]]>
              </value>
            </param>
            <param index="5">
              <value>
                <![CDATA[Kumar]]>
              </value>
            </param>
            <param index="6">
              <value>
                <![CDATA[Raina]]>
              </value>
            </param>
            <param index="7">
              <value>
                <![CDATA[3]]>
              </value>
            </param>
            <param index="8">
              <value>
                <![CDATA[ChinnaRaina]]>
              </value>
            </param>
            <param index="9">
              <value>
                <![CDATA[ChinnaThala3]]>
              </value>
            </param>
            <param index="10">
              <value>
                <![CDATA[input2.png]]>
              </value>
            </param>
          </params>
          <reporter-output>
          </reporter-output>
        </test-method> <!-- main -->
        <test-method is-config="true" signature="afterMethod()[pri:0, instance:selenium_advanced.custom_Report@5fb759d6]" started-at="2023-08-24T23:51:29 IST" name="afterMethod" finished-at="2023-08-24T23:51:30 IST" duration-ms="454" status="PASS">
          <reporter-output>
          </reporter-output>
        </test-method> <!-- afterMethod -->
        <test-method is-config="true" signature="afterClass()[pri:0, instance:selenium_advanced.custom_Report@5fb759d6]" started-at="2023-08-24T23:51:30 IST" name="afterClass" finished-at="2023-08-24T23:51:30 IST" duration-ms="1" status="PASS">
          <reporter-output>
          </reporter-output>
        </test-method> <!-- afterClass -->
        <test-method is-config="true" signature="afterTest()[pri:0, instance:selenium_advanced.custom_Report@5fb759d6]" started-at="2023-08-24T23:51:30 IST" name="afterTest" finished-at="2023-08-24T23:51:30 IST" duration-ms="1" status="PASS">
          <reporter-output>
          </reporter-output>
        </test-method> <!-- afterTest -->
        <test-method is-config="true" signature="afterSuite()[pri:0, instance:selenium_advanced.custom_Report@5fb759d6]" started-at="2023-08-24T23:51:30 IST" name="afterSuite" finished-at="2023-08-24T23:51:30 IST" duration-ms="1" status="PASS">
          <reporter-output>
          </reporter-output>
        </test-method> <!-- afterSuite -->
      </class> <!-- selenium_advanced.custom_Report -->
    </test> <!-- Default test -->
  </suite> <!-- Default suite -->
</testng-results>
