<?xml version="1.0" encoding="UTF-8"?>
<testng-results ignored="0" total="2" passed="1" failed="1" skipped="0">
  <reporter-output>
  </reporter-output>
  <suite started-at="2023-08-28T16:32:03 UTC" name="Default suite" finished-at="2023-08-28T16:33:39 UTC" duration-ms="96100">
    <groups>
    </groups>
    <test started-at="2023-08-28T16:32:03 UTC" name="Default test" finished-at="2023-08-28T16:33:39 UTC" duration-ms="96100">
      <class name="pageobjectmodel.pom1">
        <test-method is-config="true" signature="beforeSuite()[pri:0, instance:pageobjectmodel.pom1@6fa51cd4]" started-at="2023-08-28T16:32:03 UTC" name="beforeSuite" finished-at="2023-08-28T16:32:03 UTC" duration-ms="20" status="PASS">
          <reporter-output>
          </reporter-output>
        </test-method> <!-- beforeSuite -->
        <test-method is-config="true" signature="beforeTest()[pri:0, instance:pageobjectmodel.pom1@6fa51cd4]" started-at="2023-08-28T16:32:03 UTC" name="beforeTest" finished-at="2023-08-28T16:32:03 UTC" duration-ms="0" status="PASS">
          <reporter-output>
          </reporter-output>
        </test-method> <!-- beforeTest -->
        <test-method is-config="true" signature="beforeClass()[pri:0, instance:pageobjectmodel.pom1@6fa51cd4]" started-at="2023-08-28T16:32:03 UTC" name="beforeClass" finished-at="2023-08-28T16:32:03 UTC" duration-ms="1" status="PASS">
          <reporter-output>
          </reporter-output>
        </test-method> <!-- beforeClass -->
        <test-method is-config="true" signature="beforeMethod()[pri:0, instance:pageobjectmodel.pom1@6fa51cd4]" started-at="2023-08-28T16:32:04 UTC" name="beforeMethod" finished-at="2023-08-28T16:32:20 UTC" duration-ms="16285" status="PASS">
          <reporter-output>
          </reporter-output>
        </test-method> <!-- beforeMethod -->
        <test-method signature="register(java.lang.String,java.lang.String)[pri:0, instance:pageobjectmodel.pom1@6fa51cd4]" started-at="2023-08-28T16:32:20 UTC" name="register" data-provider="dp" finished-at="2023-08-28T16:32:57 UTC" duration-ms="36766" status="PASS">
          <params>
            <param index="0">
              <value>
                <![CDATA[Dandeli]]>
              </value>
            </param>
            <param index="1">
              <value>
                <![CDATA[1234567890]]>
              </value>
            </param>
          </params>
          <reporter-output>
          </reporter-output>
        </test-method> <!-- register -->
        <test-method is-config="true" signature="afterMethod()[pri:0, instance:pageobjectmodel.pom1@6fa51cd4]" started-at="2023-08-28T16:32:57 UTC" name="afterMethod" finished-at="2023-08-28T16:32:57 UTC" duration-ms="249" status="PASS">
          <reporter-output>
          </reporter-output>
        </test-method> <!-- afterMethod -->
        <test-method is-config="true" signature="beforeMethod()[pri:0, instance:pageobjectmodel.pom1@6fa51cd4]" started-at="2023-08-28T16:32:57 UTC" name="beforeMethod" finished-at="2023-08-28T16:32:59 UTC" duration-ms="1684" status="PASS">
          <reporter-output>
          </reporter-output>
        </test-method> <!-- beforeMethod -->
        <test-method signature="register(java.lang.String,java.lang.String)[pri:0, instance:pageobjectmodel.pom1@6fa51cd4]" started-at="2023-08-28T16:32:59 UTC" name="register" data-provider="dp" finished-at="2023-08-28T16:33:38 UTC" duration-ms="39372" status="FAIL">
          <params>
            <param index="0">
              <value>
                <![CDATA[Wayanad]]>
              </value>
            </param>
            <param index="1">
              <value>
                <![CDATA[1239876540]]>
              </value>
            </param>
          </params>
          <exception class="org.openqa.selenium.NoSuchElementException">
            <message>
              <![CDATA[no such element: Unable to locate element: {"method":"xpath","selector":"//*[@id="site-content"]/div/div[2]/div/div/div/div/div[1]/div[1]/div/div/div/div/div[2]/button/div"}
  (Session info: chrome=109.0.5414.74)
For documentation on this error, please visit: https://www.selenium.dev/documentation/webdriver/troubleshooting/errors#no-such-element-exception
Build info: version: '4.11.0', revision: '040bc5406b'
System info: os.name: 'Linux', os.arch: 'amd64', os.version: '5.15.0-1028-aws', java.version: '17.0.5'
Driver info: org.openqa.selenium.chrome.ChromeDriver
Command: [cc186370270130c84aa618bd5b6dbc83, findElement {using=xpath, value=//*[@id="site-content"]/div/div[2]/div/div/div/div/div[1]/div[1]/div/div/div/div/div[2]/button/div}]
Capabilities {acceptInsecureCerts: false, browserName: chrome, browserVersion: 109.0.5414.74, chrome: {chromedriverVersion: 109.0.5414.74 (e7c5703604da..., userDataDir: /tmp/.com.google.Chrome.kxqkmO}, goog:chromeOptions: {debuggerAddress: localhost:35643}, networkConnectionEnabled: false, pageLoadStrategy: normal, platformName: linux, proxy: Proxy(), se:cdp: ws://localhost:35643/devtoo..., se:cdpVersion: 109.0.5414.74, setWindowRect: true, strictFileInteractability: false, timeouts: {implicit: 0, pageLoad: 300000, script: 30000}, unhandledPromptBehavior: dismiss and notify, webauthn:extension:credBlob: true, webauthn:extension:largeBlob: true, webauthn:virtualAuthenticators: true}
Session ID: cc186370270130c84aa618bd5b6dbc83]]>
            </message>
            <full-stacktrace>
              <![CDATA[org.openqa.selenium.NoSuchElementException: no such element: Unable to locate element: {"method":"xpath","selector":"//*[@id="site-content"]/div/div[2]/div/div/div/div/div[1]/div[1]/div/div/div/div/div[2]/button/div"}
  (Session info: chrome=109.0.5414.74)
For documentation on this error, please visit: https://www.selenium.dev/documentation/webdriver/troubleshooting/errors#no-such-element-exception
Build info: version: '4.11.0', revision: '040bc5406b'
System info: os.name: 'Linux', os.arch: 'amd64', os.version: '5.15.0-1028-aws', java.version: '17.0.5'
Driver info: org.openqa.selenium.chrome.ChromeDriver
Command: [cc186370270130c84aa618bd5b6dbc83, findElement {using=xpath, value=//*[@id="site-content"]/div/div[2]/div/div/div/div/div[1]/div[1]/div/div/div/div/div[2]/button/div}]
Capabilities {acceptInsecureCerts: false, browserName: chrome, browserVersion: 109.0.5414.74, chrome: {chromedriverVersion: 109.0.5414.74 (e7c5703604da..., userDataDir: /tmp/.com.google.Chrome.kxqkmO}, goog:chromeOptions: {debuggerAddress: localhost:35643}, networkConnectionEnabled: false, pageLoadStrategy: normal, platformName: linux, proxy: Proxy(), se:cdp: ws://localhost:35643/devtoo..., se:cdpVersion: 109.0.5414.74, setWindowRect: true, strictFileInteractability: false, timeouts: {implicit: 0, pageLoad: 300000, script: 30000}, unhandledPromptBehavior: dismiss and notify, webauthn:extension:credBlob: true, webauthn:extension:largeBlob: true, webauthn:virtualAuthenticators: true}
Session ID: cc186370270130c84aa618bd5b6dbc83
at java.base/jdk.internal.reflect.NativeConstructorAccessorImpl.newInstance0(Native Method)
at java.base/jdk.internal.reflect.NativeConstructorAccessorImpl.newInstance(NativeConstructorAccessorImpl.java:77)
at java.base/jdk.internal.reflect.DelegatingConstructorAccessorImpl.newInstance(DelegatingConstructorAccessorImpl.java:45)
at java.base/java.lang.reflect.Constructor.newInstanceWithCaller(Constructor.java:499)
at java.base/java.lang.reflect.Constructor.newInstance(Constructor.java:480)
at org.openqa.selenium.remote.codec.w3c.W3CHttpResponseCodec.createException(W3CHttpResponseCodec.java:200)
at org.openqa.selenium.remote.codec.w3c.W3CHttpResponseCodec.decode(W3CHttpResponseCodec.java:133)
at org.openqa.selenium.remote.codec.w3c.W3CHttpResponseCodec.decode(W3CHttpResponseCodec.java:52)
at org.openqa.selenium.remote.HttpCommandExecutor.execute(HttpCommandExecutor.java:191)
at org.openqa.selenium.remote.service.DriverCommandExecutor.invokeExecute(DriverCommandExecutor.java:196)
at org.openqa.selenium.remote.service.DriverCommandExecutor.execute(DriverCommandExecutor.java:171)
at org.openqa.selenium.remote.RemoteWebDriver.execute(RemoteWebDriver.java:518)
at org.openqa.selenium.remote.ElementLocation$ElementFinder$2.findElement(ElementLocation.java:165)
at org.openqa.selenium.remote.ElementLocation.findElement(ElementLocation.java:59)
at org.openqa.selenium.remote.RemoteWebDriver.findElement(RemoteWebDriver.java:355)
at org.openqa.selenium.remote.RemoteWebDriver.findElement(RemoteWebDriver.java:349)
at pageobjectmodel.pomclass.searchloc(pomclass.java:61)
at pageobjectmodel.pom1.register(pom1.java:40)
at java.base/jdk.internal.reflect.NativeMethodAccessorImpl.invoke0(Native Method)
at java.base/jdk.internal.reflect.NativeMethodAccessorImpl.invoke(NativeMethodAccessorImpl.java:77)
at java.base/jdk.internal.reflect.DelegatingMethodAccessorImpl.invoke(DelegatingMethodAccessorImpl.java:43)
at java.base/java.lang.reflect.Method.invoke(Method.java:568)
at org.testng.internal.invokers.MethodInvocationHelper.invokeMethod(MethodInvocationHelper.java:139)
at org.testng.internal.invokers.TestInvoker.invokeMethod(TestInvoker.java:664)
at org.testng.internal.invokers.TestInvoker.invokeTestMethod(TestInvoker.java:227)
at org.testng.internal.invokers.MethodRunner.runInSequence(MethodRunner.java:50)
at org.testng.internal.invokers.TestInvoker$MethodInvocationAgent.invoke(TestInvoker.java:957)
at org.testng.internal.invokers.TestInvoker.invokeTestMethods(TestInvoker.java:200)
at org.testng.internal.invokers.TestMethodWorker.invokeTestMethods(TestMethodWorker.java:148)
at org.testng.internal.invokers.TestMethodWorker.run(TestMethodWorker.java:128)
at java.base/java.util.ArrayList.forEach(ArrayList.java:1511)
at org.testng.TestRunner.privateRun(TestRunner.java:848)
at org.testng.TestRunner.run(TestRunner.java:621)
at org.testng.SuiteRunner.runTest(SuiteRunner.java:443)
at org.testng.SuiteRunner.runSequentially(SuiteRunner.java:437)
at org.testng.SuiteRunner.privateRun(SuiteRunner.java:397)
at org.testng.SuiteRunner.run(SuiteRunner.java:336)
at org.testng.SuiteRunnerWorker.runSuite(SuiteRunnerWorker.java:52)
at org.testng.SuiteRunnerWorker.run(SuiteRunnerWorker.java:95)
at org.testng.TestNG.runSuitesSequentially(TestNG.java:1280)
at org.testng.TestNG.runSuitesLocally(TestNG.java:1200)
at org.testng.TestNG.runSuites(TestNG.java:1114)
at org.testng.TestNG.run(TestNG.java:1082)
at org.testng.remote.AbstractRemoteTestNG.run(AbstractRemoteTestNG.java:115)
at org.testng.remote.RemoteTestNG.initAndRun(RemoteTestNG.java:251)
at org.testng.remote.RemoteTestNG.main(RemoteTestNG.java:77)
]]>
            </full-stacktrace>
          </exception> <!-- org.openqa.selenium.NoSuchElementException -->
          <reporter-output>
          </reporter-output>
        </test-method> <!-- register -->
        <test-method is-config="true" signature="afterMethod()[pri:0, instance:pageobjectmodel.pom1@6fa51cd4]" started-at="2023-08-28T16:33:38 UTC" name="afterMethod" finished-at="2023-08-28T16:33:39 UTC" duration-ms="273" status="PASS">
          <reporter-output>
          </reporter-output>
        </test-method> <!-- afterMethod -->
        <test-method is-config="true" signature="afterClass()[pri:0, instance:pageobjectmodel.pom1@6fa51cd4]" started-at="2023-08-28T16:33:39 UTC" name="afterClass" finished-at="2023-08-28T16:33:39 UTC" duration-ms="1" status="PASS">
          <reporter-output>
          </reporter-output>
        </test-method> <!-- afterClass -->
        <test-method is-config="true" signature="afterTest()[pri:0, instance:pageobjectmodel.pom1@6fa51cd4]" started-at="2023-08-28T16:33:39 UTC" name="afterTest" finished-at="2023-08-28T16:33:39 UTC" duration-ms="1" status="PASS">
          <reporter-output>
          </reporter-output>
        </test-method> <!-- afterTest -->
        <test-method is-config="true" signature="afterSuite()[pri:0, instance:pageobjectmodel.pom1@6fa51cd4]" started-at="2023-08-28T16:33:39 UTC" name="afterSuite" finished-at="2023-08-28T16:33:39 UTC" duration-ms="0" status="PASS">
          <reporter-output>
          </reporter-output>
        </test-method> <!-- afterSuite -->
      </class> <!-- pageobjectmodel.pom1 -->
    </test> <!-- Default test -->
  </suite> <!-- Default suite -->
</testng-results>
