<?xml version="1.0" encoding="UTF-8"?>
<!-- Generated by org.testng.reporters.JUnitXMLReporter -->
<testsuite ignored="0" hostname="DESKTOP-S7VGT8L" failures="0" tests="7" name="Test" time="103.375" errors="0" timestamp="2023-08-21T14:03:04 IST">
  <testcase classname="selenium_advanced.orangehrmlive" name="blankuser" time="8.644"/>
  <testcase classname="selenium_advanced.orangehrmlive" name="blankpass" time="6.536"/>
  <testcase classname="selenium_advanced.orangehrmlive" name="invaliduser" time="8.975"/>
  <testcase classname="selenium_advanced.orangehrmlive" name="invalidpass" time="8.717"/>
  <testcase classname="selenium_advanced.orangehrmlive" name="validuserpass" time="9.335"/>
  <testcase classname="selenium_advanced.orangehrmlive" name="logout" time="9.081"/>
  <testcase classname="selenium_advanced.orangehrmlive" name="addemployee" time="39.708"/>
</testsuite> <!-- Test -->
