<?xml version="1.0" encoding="UTF-8"?>
<testng-results ignored="0" total="1" passed="1" failed="0" skipped="0">
  <reporter-output>
  </reporter-output>
  <suite started-at="2023-08-25T09:02:14 UTC" name="Default suite" finished-at="2023-08-25T09:02:37 UTC" duration-ms="23068">
    <groups>
    </groups>
    <test started-at="2023-08-25T09:02:14 UTC" name="Default test" finished-at="2023-08-25T09:02:37 UTC" duration-ms="23068">
      <class name="com.assignment.pack.demoform">
        <test-method is-config="true" signature="setup()[pri:0, instance:com.assignment.pack.demoform@117159c0]" started-at="2023-08-25T09:02:14 UTC" name="setup" finished-at="2023-08-25T09:02:18 UTC" duration-ms="3337" status="PASS">
          <reporter-output>
          </reporter-output>
        </test-method> <!-- setup -->
        <test-method signature="fillAboutMeForm()[pri:0, instance:com.assignment.pack.demoform@117159c0]" started-at="2023-08-25T09:02:18 UTC" name="fillAboutMeForm" finished-at="2023-08-25T09:02:37 UTC" duration-ms="19356" status="PASS">
          <reporter-output>
          </reporter-output>
        </test-method> <!-- fillAboutMeForm -->
        <test-method is-config="true" signature="tearDown()[pri:0, instance:com.assignment.pack.demoform@117159c0]" started-at="2023-08-25T09:02:37 UTC" name="tearDown" finished-at="2023-08-25T09:02:37 UTC" duration-ms="315" status="PASS">
          <reporter-output>
          </reporter-output>
        </test-method> <!-- tearDown -->
      </class> <!-- com.assignment.pack.demoform -->
    </test> <!-- Default test -->
  </suite> <!-- Default suite -->
</testng-results>
